debug\try_tcpserver.pdb
E:\CODE_EXPERIMENT\CPP_CODE_EXPERIMENT\QT_CODE\TRY_TCPSERVER\DEBUG\TRY_TCPSERVER.EXE
E:\CODE_EXPERIMENT\CPP_CODE_EXPERIMENT\QT_CODE\TRY_TCPSERVER\DEBUG\TRY_TCPSERVER.ILK
E:\CODE_EXPERIMENT\CPP_CODE_EXPERIMENT\QT_CODE\TRY_TCPSERVER\DEBUG\TRY_TCPSERVER.PDB
E:\CODE_EXPERIMENT\CPP_CODE_EXPERIMENT\QT_CODE\TRY_TCPSERVER\GENERATEDFILES\DEBUG\MOC_WIDGET.CPP
E:\CODE_EXPERIMENT\CPP_CODE_EXPERIMENT\QT_CODE\TRY_TCPSERVER\GENERATEDFILES\UI_WIDGET.H
E:\CODE_EXPERIMENT\CPP_CODE_EXPERIMENT\QT_CODE\TRY_TCPSERVER\WIN32\DEBUG\MAIN.OBJ
E:\CODE_EXPERIMENT\CPP_CODE_EXPERIMENT\QT_CODE\TRY_TCPSERVER\WIN32\DEBUG\MOC_WIDGET.OBJ
E:\CODE_EXPERIMENT\CPP_CODE_EXPERIMENT\QT_CODE\TRY_TCPSERVER\WIN32\DEBUG\TRY_TCPSERVER.EXE.INTERMEDIATE.MANIFEST
E:\CODE_EXPERIMENT\CPP_CODE_EXPERIMENT\QT_CODE\TRY_TCPSERVER\WIN32\DEBUG\VC100.PDB
E:\CODE_EXPERIMENT\CPP_CODE_EXPERIMENT\QT_CODE\TRY_TCPSERVER\WIN32\DEBUG\WIDGET.OBJ
H:\C++算法服务器\QT_CODE\TRY_TCPSERVER\GENERATEDFILES\DEBUG\MOC_CLIENTSOCKET.CPP
H:\C++算法服务器\QT_CODE\TRY_TCPSERVER\GENERATEDFILES\DEBUG\MOC_TCPSERVER.CPP
H:\C++算法服务器\QT_CODE\TRY_TCPSERVER\GENERATEDFILES\DEBUG\MOC_WIDGET.CPP
H:\C++算法服务器\QT_CODE\TRY_TCPSERVER\GENERATEDFILES\UI_WIDGET.H
H:\C++算法服务器\qt_code\try_tcpserver\Win32\Debug\cl.command.1.tlog
H:\C++算法服务器\qt_code\try_tcpserver\Win32\Debug\CL.read.1.tlog
H:\C++算法服务器\qt_code\try_tcpserver\Win32\Debug\CL.write.1.tlog
H:\C++算法服务器\QT_CODE\TRY_TCPSERVER\WIN32\DEBUG\CLIENTSOCKET.OBJ
H:\C++算法服务器\qt_code\try_tcpserver\Win32\Debug\custombuild.command.1.tlog
H:\C++算法服务器\qt_code\try_tcpserver\Win32\Debug\custombuild.read.1.tlog
H:\C++算法服务器\qt_code\try_tcpserver\Win32\Debug\custombuild.write.1.tlog
H:\C++算法服务器\qt_code\try_tcpserver\Win32\Debug\link.command.1.tlog
H:\C++算法服务器\qt_code\try_tcpserver\Win32\Debug\link.read.1.tlog
H:\C++算法服务器\qt_code\try_tcpserver\Win32\Debug\link.write.1.tlog
H:\C++算法服务器\QT_CODE\TRY_TCPSERVER\WIN32\DEBUG\MAIN.OBJ
H:\C++算法服务器\QT_CODE\TRY_TCPSERVER\WIN32\DEBUG\MOC_CLIENTSOCKET.OBJ
H:\C++算法服务器\QT_CODE\TRY_TCPSERVER\WIN32\DEBUG\MOC_TCPSERVER.OBJ
H:\C++算法服务器\QT_CODE\TRY_TCPSERVER\WIN32\DEBUG\MOC_WIDGET.OBJ
H:\C++算法服务器\qt_code\try_tcpserver\Win32\Debug\mt.command.1.tlog
H:\C++算法服务器\qt_code\try_tcpserver\Win32\Debug\mt.read.1.tlog
H:\C++算法服务器\qt_code\try_tcpserver\Win32\Debug\mt.write.1.tlog
H:\C++算法服务器\QT_CODE\TRY_TCPSERVER\WIN32\DEBUG\TCPSERVER.OBJ
H:\C++算法服务器\qt_code\try_tcpserver\Win32\Debug\try_tcpserver.exe.intermediate.manifest
H:\C++算法服务器\qt_code\try_tcpserver\Win32\Debug\try_tcpserver.vcxprojResolveAssemblyReference.cache
H:\C++算法服务器\qt_code\try_tcpserver\Win32\Debug\try_tcpserver.write.1.tlog
H:\C++算法服务器\QT_CODE\TRY_TCPSERVER\WIN32\DEBUG\VC100.PDB
H:\C++算法服务器\QT_CODE\TRY_TCPSERVER\WIN32\DEBUG\WIDGET.OBJ
