E:\code_experiment\Cpp_code_experiment\qt_code1.1\test_socket_1.1\Debug\try_conn_to_qt.ilk
E:\CODE_EXPERIMENT\CPP_CODE_EXPERIMENT\QT_CODE1.1\TEST_SOCKET_1.1\DEBUG\TRY_CONN_TO_QT.LIB
E:\code_experiment\Cpp_code_experiment\qt_code1.1\test_socket_1.1\Debug\try_conn_to_qt.pdb
E:\CODE_EXPERIMENT\CPP_CODE_EXPERIMENT\QT_CODE1.1\TEST_SOCKET_1.1\TRY_CONN_TO_QT\DEBUG\CFACE.OBJ
E:\code_experiment\Cpp_code_experiment\qt_code1.1\test_socket_1.1\try_conn_to_qt\Debug\cl.command.1.tlog
E:\code_experiment\Cpp_code_experiment\qt_code1.1\test_socket_1.1\try_conn_to_qt\Debug\CL.read.1.tlog
E:\code_experiment\Cpp_code_experiment\qt_code1.1\test_socket_1.1\try_conn_to_qt\Debug\CL.write.1.tlog
E:\CODE_EXPERIMENT\CPP_CODE_EXPERIMENT\QT_CODE1.1\TEST_SOCKET_1.1\TRY_CONN_TO_QT\DEBUG\COMMON.OBJ
E:\CODE_EXPERIMENT\CPP_CODE_EXPERIMENT\QT_CODE1.1\TEST_SOCKET_1.1\TRY_CONN_TO_QT\DEBUG\CONFIG.OBJ
E:\code_experiment\Cpp_code_experiment\qt_code1.1\test_socket_1.1\try_conn_to_qt\Debug\lib.command.1.tlog
E:\code_experiment\Cpp_code_experiment\qt_code1.1\test_socket_1.1\try_conn_to_qt\Debug\Lib.read.1.tlog
E:\code_experiment\Cpp_code_experiment\qt_code1.1\test_socket_1.1\try_conn_to_qt\Debug\Lib.write.1.tlog
E:\code_experiment\Cpp_code_experiment\qt_code1.1\test_socket_1.1\try_conn_to_qt\Debug\Lib-link.read.1.tlog
E:\code_experiment\Cpp_code_experiment\qt_code1.1\test_socket_1.1\try_conn_to_qt\Debug\Lib-link.write.1.tlog
E:\code_experiment\Cpp_code_experiment\qt_code1.1\test_socket_1.1\try_conn_to_qt\Debug\link.33284.read.1.tlog
E:\code_experiment\Cpp_code_experiment\qt_code1.1\test_socket_1.1\try_conn_to_qt\Debug\link.33284.write.1.tlog
E:\code_experiment\Cpp_code_experiment\qt_code1.1\test_socket_1.1\try_conn_to_qt\Debug\link.33284-cvtres.read.1.tlog
E:\code_experiment\Cpp_code_experiment\qt_code1.1\test_socket_1.1\try_conn_to_qt\Debug\link.33284-cvtres.write.1.tlog
E:\code_experiment\Cpp_code_experiment\qt_code1.1\test_socket_1.1\try_conn_to_qt\Debug\link.command.1.tlog
E:\code_experiment\Cpp_code_experiment\qt_code1.1\test_socket_1.1\try_conn_to_qt\Debug\link.read.1.tlog
E:\code_experiment\Cpp_code_experiment\qt_code1.1\test_socket_1.1\try_conn_to_qt\Debug\link.write.1.tlog
E:\code_experiment\Cpp_code_experiment\qt_code1.1\test_socket_1.1\try_conn_to_qt\Debug\link-cvtres.read.1.tlog
E:\code_experiment\Cpp_code_experiment\qt_code1.1\test_socket_1.1\try_conn_to_qt\Debug\link-cvtres.write.1.tlog
E:\CODE_EXPERIMENT\CPP_CODE_EXPERIMENT\QT_CODE1.1\TEST_SOCKET_1.1\TRY_CONN_TO_QT\DEBUG\MAIN.OBJ
E:\code_experiment\Cpp_code_experiment\qt_code1.1\test_socket_1.1\try_conn_to_qt\Debug\mt.command.1.tlog
E:\code_experiment\Cpp_code_experiment\qt_code1.1\test_socket_1.1\try_conn_to_qt\Debug\mt.read.1.tlog
E:\code_experiment\Cpp_code_experiment\qt_code1.1\test_socket_1.1\try_conn_to_qt\Debug\mt.write.1.tlog
E:\code_experiment\Cpp_code_experiment\qt_code1.1\test_socket_1.1\try_conn_to_qt\Debug\rc.command.1.tlog
E:\code_experiment\Cpp_code_experiment\qt_code1.1\test_socket_1.1\try_conn_to_qt\Debug\rc.read.1.tlog
E:\code_experiment\Cpp_code_experiment\qt_code1.1\test_socket_1.1\try_conn_to_qt\Debug\rc.write.1.tlog
E:\CODE_EXPERIMENT\CPP_CODE_EXPERIMENT\QT_CODE1.1\TEST_SOCKET_1.1\TRY_CONN_TO_QT\DEBUG\TCPCLIENT.OBJ
E:\code_experiment\Cpp_code_experiment\qt_code1.1\test_socket_1.1\try_conn_to_qt\Debug\try_conn_to_qt.exe.embed.manifest
E:\code_experiment\Cpp_code_experiment\qt_code1.1\test_socket_1.1\try_conn_to_qt\Debug\try_conn_to_qt.exe.embed.manifest.res
E:\code_experiment\Cpp_code_experiment\qt_code1.1\test_socket_1.1\try_conn_to_qt\Debug\try_conn_to_qt.exe.intermediate.manifest
E:\code_experiment\Cpp_code_experiment\qt_code1.1\test_socket_1.1\try_conn_to_qt\Debug\try_conn_to_qt.vcxprojResolveAssemblyReference.cache
E:\code_experiment\Cpp_code_experiment\qt_code1.1\test_socket_1.1\try_conn_to_qt\Debug\try_conn_to_qt.write.1.tlog
E:\code_experiment\Cpp_code_experiment\qt_code1.1\test_socket_1.1\try_conn_to_qt\Debug\try_conn_to_qt_manifest.rc
E:\code_experiment\Cpp_code_experiment\qt_code1.1\test_socket_1.1\try_conn_to_qt\Debug\vc100.idb
E:\CODE_EXPERIMENT\CPP_CODE_EXPERIMENT\QT_CODE1.1\TEST_SOCKET_1.1\TRY_CONN_TO_QT\DEBUG\VC100.PDB
E:\CODE_EXPERIMENT\CPP_CODE_EXPERIMENT\QT_CODE1.1\TEST_SOCKET_1.1\TRY_CONN_TO_QT\DEBUG\WCDTHREADSYNC.OBJ
H:\C++算法服务器\QT_CODE\TEST_SOCKET\DEBUG\TRY_CONN_TO_QT.EXE
H:\C++算法服务器\QT_CODE\TEST_SOCKET\DEBUG\TRY_CONN_TO_QT.ILK
H:\C++算法服务器\QT_CODE\TEST_SOCKET\DEBUG\TRY_CONN_TO_QT.PDB
H:\C++算法服务器\QT_CODE\TEST_SOCKET\TRY_CONN_TO_QT\DEBUG\COMMON.OBJ
H:\C++算法服务器\QT_CODE\TEST_SOCKET\TRY_CONN_TO_QT\DEBUG\CONFIG.OBJ
H:\C++算法服务器\QT_CODE\TEST_SOCKET\TRY_CONN_TO_QT\DEBUG\MAIN.OBJ
H:\C++算法服务器\QT_CODE\TEST_SOCKET\TRY_CONN_TO_QT\DEBUG\TCPCLIENT.OBJ
H:\C++算法服务器\QT_CODE\TEST_SOCKET\TRY_CONN_TO_QT\DEBUG\TRY_CONN_TO_QT.EXE.EMBED.MANIFEST
H:\C++算法服务器\QT_CODE\TEST_SOCKET\TRY_CONN_TO_QT\DEBUG\TRY_CONN_TO_QT.EXE.EMBED.MANIFEST.RES
H:\C++算法服务器\QT_CODE\TEST_SOCKET\TRY_CONN_TO_QT\DEBUG\TRY_CONN_TO_QT.EXE.INTERMEDIATE.MANIFEST
H:\C++算法服务器\QT_CODE\TEST_SOCKET\TRY_CONN_TO_QT\DEBUG\VC100.PDB
H:\C++算法服务器\QT_CODE\TEST_SOCKET\TRY_CONN_TO_QT\DEBUG\WCDTHREADSYNC.OBJ
K:\C++算法服务器\QT_CODE\TEST_SOCKET\DEBUG\TRY_CONN_TO_QT.EXE
K:\C++算法服务器\QT_CODE\TEST_SOCKET\DEBUG\TRY_CONN_TO_QT.ILK
K:\C++算法服务器\QT_CODE\TEST_SOCKET\DEBUG\TRY_CONN_TO_QT.PDB
K:\C++算法服务器\QT_CODE\TEST_SOCKET\TRY_CONN_TO_QT\DEBUG\COMMON.OBJ
K:\C++算法服务器\QT_CODE\TEST_SOCKET\TRY_CONN_TO_QT\DEBUG\CONFIG.OBJ
K:\C++算法服务器\QT_CODE\TEST_SOCKET\TRY_CONN_TO_QT\DEBUG\MAIN.OBJ
K:\C++算法服务器\QT_CODE\TEST_SOCKET\TRY_CONN_TO_QT\DEBUG\TCPCLIENT.OBJ
K:\C++算法服务器\QT_CODE\TEST_SOCKET\TRY_CONN_TO_QT\DEBUG\TRY_CONN_TO_QT.EXE.EMBED.MANIFEST
K:\C++算法服务器\QT_CODE\TEST_SOCKET\TRY_CONN_TO_QT\DEBUG\TRY_CONN_TO_QT.EXE.EMBED.MANIFEST.RES
K:\C++算法服务器\QT_CODE\TEST_SOCKET\TRY_CONN_TO_QT\DEBUG\TRY_CONN_TO_QT.EXE.INTERMEDIATE.MANIFEST
K:\C++算法服务器\QT_CODE\TEST_SOCKET\TRY_CONN_TO_QT\DEBUG\VC100.PDB
